<?xml version="1.0" encoding="UTF-8"?>
<testsuite xmlns:xsi="http://www.w3.org/2001/XMLSchema-instance" xsi:noNamespaceSchemaLocation="https://maven.apache.org/surefire/maven-surefire-plugin/xsd/surefire-test-report.xsd" name="app.demo.AppTest" time="0.013" tests="1" errors="0" skipped="0" failures="0">
  <properties>
    <property name="java.specification.version" value="17"/>
    <property name="sun.jnu.encoding" value="UTF-8"/>
    <property name="java.class.path" value="/Users/leonidfelikson/605784_development/784-SpringBoot-Enterprise-Computing-with-Java/multimodule-project/service/target/test-classes:/Users/leonidfelikson/605784_development/784-SpringBoot-Enterprise-Computing-with-Java/multimodule-project/service/target/classes:/Users/leonidfelikson/605784_development/784-SpringBoot-Enterprise-Computing-with-Java/multimodule-project/interface/target/interface-1.0-SNAPSHOT.jar:/Users/leonidfelikson/.m2/repository/junit/junit/3.8.1/junit-3.8.1.jar:"/>
    <property name="java.vm.vendor" value="Oracle Corporation"/>
    <property name="sun.arch.data.model" value="64"/>
    <property name="java.vendor.url" value="https://java.oracle.com/"/>
    <property name="os.name" value="Mac OS X"/>
    <property name="java.vm.specification.version" value="17"/>
    <property name="sun.java.launcher" value="SUN_STANDARD"/>
    <property name="user.country" value="US"/>
    <property name="sun.boot.library.path" value="/Library/Java/JavaVirtualMachines/jdk-17.0.2.jdk/Contents/Home/lib"/>
    <property name="sun.java.command" value="/Users/leonidfelikson/605784_development/784-SpringBoot-Enterprise-Computing-with-Java/multimodule-project/service/target/surefire/surefirebooter3199824449556371970.jar /Users/leonidfelikson/605784_development/784-SpringBoot-Enterprise-Computing-with-Java/multimodule-project/service/target/surefire 2022-12-27T22-40-30_156-jvmRun1 surefire16713594472246643467tmp surefire_15806685053940487960tmp"/>
    <property name="http.nonProxyHosts" value="local, 169.254/16|*.local, 169.254/16"/>
    <property name="jdk.debug" value="release"/>
    <property name="surefire.test.class.path" value="/Users/leonidfelikson/605784_development/784-SpringBoot-Enterprise-Computing-with-Java/multimodule-project/service/target/test-classes:/Users/leonidfelikson/605784_development/784-SpringBoot-Enterprise-Computing-with-Java/multimodule-project/service/target/classes:/Users/leonidfelikson/605784_development/784-SpringBoot-Enterprise-Computing-with-Java/multimodule-project/interface/target/interface-1.0-SNAPSHOT.jar:/Users/leonidfelikson/.m2/repository/junit/junit/3.8.1/junit-3.8.1.jar:"/>
    <property name="sun.cpu.endian" value="little"/>
    <property name="user.home" value="/Users/leonidfelikson"/>
    <property name="user.language" value="en"/>
    <property name="java.specification.vendor" value="Oracle Corporation"/>
    <property name="java.version.date" value="2022-01-18"/>
    <property name="java.home" value="/Library/Java/JavaVirtualMachines/jdk-17.0.2.jdk/Contents/Home"/>
    <property name="file.separator" value="/"/>
    <property name="basedir" value="/Users/leonidfelikson/605784_development/784-SpringBoot-Enterprise-Computing-with-Java/multimodule-project/service"/>
    <property name="java.vm.compressedOopsMode" value="Zero based"/>
    <property name="line.separator" value="&#10;"/>
    <property name="java.specification.name" value="Java Platform API Specification"/>
    <property name="java.vm.specification.vendor" value="Oracle Corporation"/>
    <property name="surefire.real.class.path" value="/Users/leonidfelikson/605784_development/784-SpringBoot-Enterprise-Computing-with-Java/multimodule-project/service/target/surefire/surefirebooter3199824449556371970.jar"/>
    <property name="sun.management.compiler" value="HotSpot 64-Bit Tiered Compilers"/>
    <property name="ftp.nonProxyHosts" value="local, 169.254/16|*.local, 169.254/16"/>
    <property name="java.runtime.version" value="17.0.2+8-86"/>
    <property name="user.name" value="leonidfelikson"/>
    <property name="path.separator" value=":"/>
    <property name="os.version" value="10.15.6"/>
    <property name="java.runtime.name" value="OpenJDK Runtime Environment"/>
    <property name="file.encoding" value="UTF-8"/>
    <property name="java.vm.name" value="OpenJDK 64-Bit Server VM"/>
    <property name="localRepository" value="/Users/leonidfelikson/.m2/repository"/>
    <property name="java.vendor.url.bug" value="https://bugreport.java.com/bugreport/"/>
    <property name="java.io.tmpdir" value="/var/folders/q8/4rchl_pj4s1dmjqqz_p6tvfm0000gn/T/"/>
    <property name="java.version" value="17.0.2"/>
    <property name="user.dir" value="/Users/leonidfelikson/605784_development/784-SpringBoot-Enterprise-Computing-with-Java/multimodule-project/service"/>
    <property name="os.arch" value="x86_64"/>
    <property name="java.vm.specification.name" value="Java Virtual Machine Specification"/>
    <property name="native.encoding" value="UTF-8"/>
    <property name="java.library.path" value="/Users/leonidfelikson/Library/Java/Extensions:/Library/Java/Extensions:/Network/Library/Java/Extensions:/System/Library/Java/Extensions:/usr/lib/java:."/>
    <property name="java.vm.info" value="mixed mode, sharing"/>
    <property name="java.vendor" value="Oracle Corporation"/>
    <property name="java.vm.version" value="17.0.2+8-86"/>
    <property name="sun.io.unicode.encoding" value="UnicodeBig"/>
    <property name="socksNonProxyHosts" value="local, 169.254/16|*.local, 169.254/16"/>
    <property name="java.class.version" value="61.0"/>
  </properties>
  <testcase name="testApp" classname="app.demo.AppTest" time="0.002"/>
</testsuite>