<?xml version="1.0" encoding="UTF-8"?>
<testsuite xmlns:xsi="http://www.w3.org/2001/XMLSchema-instance" xsi:noNamespaceSchemaLocation="https://maven.apache.org/surefire/maven-surefire-plugin/xsd/surefire-test-report-3.0.xsd" version="3.0" name="com.mycompany.demo.MySpringMongodbDemoApplicationTests" time="4.637" tests="1" errors="0" skipped="0" failures="0">
  <properties>
    <property name="java.specification.version" value="17"/>
    <property name="sun.jnu.encoding" value="UTF-8"/>
    <property name="java.class.path" value="/Users/leonidfelikson/605784_development/784-SpringBoot-Enterprise-Computing-with-Java/assignments/Module8/my-spring-mongodb-MongoRepository-demo/target/test-classes:/Users/leonidfelikson/605784_development/784-SpringBoot-Enterprise-Computing-with-Java/assignments/Module8/my-spring-mongodb-MongoRepository-demo/target/classes:/Users/leonidfelikson/.m2/repository/org/springframework/boot/spring-boot-starter-data-mongodb/3.3.3/spring-boot-starter-data-mongodb-3.3.3.jar:/Users/leonidfelikson/.m2/repository/org/springframework/boot/spring-boot-starter/3.3.3/spring-boot-starter-3.3.3.jar:/Users/leonidfelikson/.m2/repository/org/springframework/boot/spring-boot/3.3.3/spring-boot-3.3.3.jar:/Users/leonidfelikson/.m2/repository/org/springframework/boot/spring-boot-autoconfigure/3.3.3/spring-boot-autoconfigure-3.3.3.jar:/Users/leonidfelikson/.m2/repository/org/springframework/boot/spring-boot-starter-logging/3.3.3/spring-boot-starter-logging-3.3.3.jar:/Users/leonidfelikson/.m2/repository/ch/qos/logback/logback-classic/1.5.7/logback-classic-1.5.7.jar:/Users/leonidfelikson/.m2/repository/ch/qos/logback/logback-core/1.5.7/logback-core-1.5.7.jar:/Users/leonidfelikson/.m2/repository/org/apache/logging/log4j/log4j-to-slf4j/2.23.1/log4j-to-slf4j-2.23.1.jar:/Users/leonidfelikson/.m2/repository/org/apache/logging/log4j/log4j-api/2.23.1/log4j-api-2.23.1.jar:/Users/leonidfelikson/.m2/repository/org/slf4j/jul-to-slf4j/2.0.16/jul-to-slf4j-2.0.16.jar:/Users/leonidfelikson/.m2/repository/jakarta/annotation/jakarta.annotation-api/2.1.1/jakarta.annotation-api-2.1.1.jar:/Users/leonidfelikson/.m2/repository/org/yaml/snakeyaml/2.2/snakeyaml-2.2.jar:/Users/leonidfelikson/.m2/repository/org/mongodb/mongodb-driver-sync/5.0.1/mongodb-driver-sync-5.0.1.jar:/Users/leonidfelikson/.m2/repository/org/mongodb/bson/5.0.1/bson-5.0.1.jar:/Users/leonidfelikson/.m2/repository/org/mongodb/mongodb-driver-core/5.0.1/mongodb-driver-core-5.0.1.jar:/Users/leonidfelikson/.m2/repository/org/mongodb/bson-record-codec/5.0.1/bson-record-codec-5.0.1.jar:/Users/leonidfelikson/.m2/repository/org/springframework/data/spring-data-mongodb/4.3.3/spring-data-mongodb-4.3.3.jar:/Users/leonidfelikson/.m2/repository/org/springframework/spring-tx/6.1.12/spring-tx-6.1.12.jar:/Users/leonidfelikson/.m2/repository/org/springframework/spring-context/6.1.12/spring-context-6.1.12.jar:/Users/leonidfelikson/.m2/repository/org/springframework/spring-beans/6.1.12/spring-beans-6.1.12.jar:/Users/leonidfelikson/.m2/repository/org/springframework/spring-expression/6.1.12/spring-expression-6.1.12.jar:/Users/leonidfelikson/.m2/repository/org/springframework/data/spring-data-commons/3.3.3/spring-data-commons-3.3.3.jar:/Users/leonidfelikson/.m2/repository/org/slf4j/slf4j-api/2.0.16/slf4j-api-2.0.16.jar:/Users/leonidfelikson/.m2/repository/org/springframework/boot/spring-boot-starter-web/3.3.3/spring-boot-starter-web-3.3.3.jar:/Users/leonidfelikson/.m2/repository/org/springframework/boot/spring-boot-starter-json/3.3.3/spring-boot-starter-json-3.3.3.jar:/Users/leonidfelikson/.m2/repository/com/fasterxml/jackson/core/jackson-databind/2.17.2/jackson-databind-2.17.2.jar:/Users/leonidfelikson/.m2/repository/com/fasterxml/jackson/core/jackson-annotations/2.17.2/jackson-annotations-2.17.2.jar:/Users/leonidfelikson/.m2/repository/com/fasterxml/jackson/core/jackson-core/2.17.2/jackson-core-2.17.2.jar:/Users/leonidfelikson/.m2/repository/com/fasterxml/jackson/datatype/jackson-datatype-jdk8/2.17.2/jackson-datatype-jdk8-2.17.2.jar:/Users/leonidfelikson/.m2/repository/com/fasterxml/jackson/datatype/jackson-datatype-jsr310/2.17.2/jackson-datatype-jsr310-2.17.2.jar:/Users/leonidfelikson/.m2/repository/com/fasterxml/jackson/module/jackson-module-parameter-names/2.17.2/jackson-module-parameter-names-2.17.2.jar:/Users/leonidfelikson/.m2/repository/org/springframework/boot/spring-boot-starter-tomcat/3.3.3/spring-boot-starter-tomcat-3.3.3.jar:/Users/leonidfelikson/.m2/repository/org/apache/tomcat/embed/tomcat-embed-core/10.1.28/tomcat-embed-core-10.1.28.jar:/Users/leonidfelikson/.m2/repository/org/apache/tomcat/embed/tomcat-embed-el/10.1.28/tomcat-embed-el-10.1.28.jar:/Users/leonidfelikson/.m2/repository/org/apache/tomcat/embed/tomcat-embed-websocket/10.1.28/tomcat-embed-websocket-10.1.28.jar:/Users/leonidfelikson/.m2/repository/org/springframework/spring-web/6.1.12/spring-web-6.1.12.jar:/Users/leonidfelikson/.m2/repository/io/micrometer/micrometer-observation/1.13.3/micrometer-observation-1.13.3.jar:/Users/leonidfelikson/.m2/repository/io/micrometer/micrometer-commons/1.13.3/micrometer-commons-1.13.3.jar:/Users/leonidfelikson/.m2/repository/org/springframework/spring-webmvc/6.1.12/spring-webmvc-6.1.12.jar:/Users/leonidfelikson/.m2/repository/org/springframework/spring-aop/6.1.12/spring-aop-6.1.12.jar:/Users/leonidfelikson/.m2/repository/org/springframework/boot/spring-boot-configuration-processor/3.3.3/spring-boot-configuration-processor-3.3.3.jar:/Users/leonidfelikson/.m2/repository/org/projectlombok/lombok/1.18.34/lombok-1.18.34.jar:/Users/leonidfelikson/.m2/repository/org/springframework/boot/spring-boot-starter-test/3.3.3/spring-boot-starter-test-3.3.3.jar:/Users/leonidfelikson/.m2/repository/org/springframework/boot/spring-boot-test/3.3.3/spring-boot-test-3.3.3.jar:/Users/leonidfelikson/.m2/repository/org/springframework/boot/spring-boot-test-autoconfigure/3.3.3/spring-boot-test-autoconfigure-3.3.3.jar:/Users/leonidfelikson/.m2/repository/com/jayway/jsonpath/json-path/2.9.0/json-path-2.9.0.jar:/Users/leonidfelikson/.m2/repository/jakarta/xml/bind/jakarta.xml.bind-api/4.0.2/jakarta.xml.bind-api-4.0.2.jar:/Users/leonidfelikson/.m2/repository/jakarta/activation/jakarta.activation-api/2.1.3/jakarta.activation-api-2.1.3.jar:/Users/leonidfelikson/.m2/repository/net/minidev/json-smart/2.5.1/json-smart-2.5.1.jar:/Users/leonidfelikson/.m2/repository/net/minidev/accessors-smart/2.5.1/accessors-smart-2.5.1.jar:/Users/leonidfelikson/.m2/repository/org/ow2/asm/asm/9.6/asm-9.6.jar:/Users/leonidfelikson/.m2/repository/org/assertj/assertj-core/3.25.3/assertj-core-3.25.3.jar:/Users/leonidfelikson/.m2/repository/net/bytebuddy/byte-buddy/1.14.19/byte-buddy-1.14.19.jar:/Users/leonidfelikson/.m2/repository/org/awaitility/awaitility/4.2.2/awaitility-4.2.2.jar:/Users/leonidfelikson/.m2/repository/org/hamcrest/hamcrest/2.2/hamcrest-2.2.jar:/Users/leonidfelikson/.m2/repository/org/junit/jupiter/junit-jupiter/5.10.3/junit-jupiter-5.10.3.jar:/Users/leonidfelikson/.m2/repository/org/junit/jupiter/junit-jupiter-api/5.10.3/junit-jupiter-api-5.10.3.jar:/Users/leonidfelikson/.m2/repository/org/opentest4j/opentest4j/1.3.0/opentest4j-1.3.0.jar:/Users/leonidfelikson/.m2/repository/org/junit/platform/junit-platform-commons/1.10.3/junit-platform-commons-1.10.3.jar:/Users/leonidfelikson/.m2/repository/org/apiguardian/apiguardian-api/1.1.2/apiguardian-api-1.1.2.jar:/Users/leonidfelikson/.m2/repository/org/junit/jupiter/junit-jupiter-params/5.10.3/junit-jupiter-params-5.10.3.jar:/Users/leonidfelikson/.m2/repository/org/junit/jupiter/junit-jupiter-engine/5.10.3/junit-jupiter-engine-5.10.3.jar:/Users/leonidfelikson/.m2/repository/org/junit/platform/junit-platform-engine/1.10.3/junit-platform-engine-1.10.3.jar:/Users/leonidfelikson/.m2/repository/org/mockito/mockito-core/5.11.0/mockito-core-5.11.0.jar:/Users/leonidfelikson/.m2/repository/net/bytebuddy/byte-buddy-agent/1.14.19/byte-buddy-agent-1.14.19.jar:/Users/leonidfelikson/.m2/repository/org/objenesis/objenesis/3.3/objenesis-3.3.jar:/Users/leonidfelikson/.m2/repository/org/mockito/mockito-junit-jupiter/5.11.0/mockito-junit-jupiter-5.11.0.jar:/Users/leonidfelikson/.m2/repository/org/skyscreamer/jsonassert/1.5.3/jsonassert-1.5.3.jar:/Users/leonidfelikson/.m2/repository/com/vaadin/external/google/android-json/0.0.20131108.vaadin1/android-json-0.0.20131108.vaadin1.jar:/Users/leonidfelikson/.m2/repository/org/springframework/spring-core/6.1.12/spring-core-6.1.12.jar:/Users/leonidfelikson/.m2/repository/org/springframework/spring-jcl/6.1.12/spring-jcl-6.1.12.jar:/Users/leonidfelikson/.m2/repository/org/springframework/spring-test/6.1.12/spring-test-6.1.12.jar:/Users/leonidfelikson/.m2/repository/org/xmlunit/xmlunit-core/2.9.1/xmlunit-core-2.9.1.jar:"/>
    <property name="java.vm.vendor" value="Oracle Corporation"/>
    <property name="sun.arch.data.model" value="64"/>
    <property name="java.vendor.url" value="https://java.oracle.com/"/>
    <property name="user.timezone" value="America/New_York"/>
    <property name="os.name" value="Mac OS X"/>
    <property name="java.vm.specification.version" value="17"/>
    <property name="sun.java.launcher" value="SUN_STANDARD"/>
    <property name="user.country" value="US"/>
    <property name="sun.boot.library.path" value="/Library/Java/JavaVirtualMachines/jdk-17.0.2.jdk/Contents/Home/lib"/>
    <property name="sun.java.command" value="/Users/leonidfelikson/605784_development/784-SpringBoot-Enterprise-Computing-with-Java/assignments/Module8/my-spring-mongodb-MongoRepository-demo/target/surefire/surefirebooter-20241217101236987_3.jar /Users/leonidfelikson/605784_development/784-SpringBoot-Enterprise-Computing-with-Java/assignments/Module8/my-spring-mongodb-MongoRepository-demo/target/surefire 2024-12-17T10-12-36_845-jvmRun1 surefire-20241217101236987_1tmp surefire_0-20241217101236987_2tmp"/>
    <property name="http.nonProxyHosts" value="local|*.local| 169.254/16|*. 169.254/16"/>
    <property name="jdk.debug" value="release"/>
    <property name="surefire.test.class.path" value="/Users/leonidfelikson/605784_development/784-SpringBoot-Enterprise-Computing-with-Java/assignments/Module8/my-spring-mongodb-MongoRepository-demo/target/test-classes:/Users/leonidfelikson/605784_development/784-SpringBoot-Enterprise-Computing-with-Java/assignments/Module8/my-spring-mongodb-MongoRepository-demo/target/classes:/Users/leonidfelikson/.m2/repository/org/springframework/boot/spring-boot-starter-data-mongodb/3.3.3/spring-boot-starter-data-mongodb-3.3.3.jar:/Users/leonidfelikson/.m2/repository/org/springframework/boot/spring-boot-starter/3.3.3/spring-boot-starter-3.3.3.jar:/Users/leonidfelikson/.m2/repository/org/springframework/boot/spring-boot/3.3.3/spring-boot-3.3.3.jar:/Users/leonidfelikson/.m2/repository/org/springframework/boot/spring-boot-autoconfigure/3.3.3/spring-boot-autoconfigure-3.3.3.jar:/Users/leonidfelikson/.m2/repository/org/springframework/boot/spring-boot-starter-logging/3.3.3/spring-boot-starter-logging-3.3.3.jar:/Users/leonidfelikson/.m2/repository/ch/qos/logback/logback-classic/1.5.7/logback-classic-1.5.7.jar:/Users/leonidfelikson/.m2/repository/ch/qos/logback/logback-core/1.5.7/logback-core-1.5.7.jar:/Users/leonidfelikson/.m2/repository/org/apache/logging/log4j/log4j-to-slf4j/2.23.1/log4j-to-slf4j-2.23.1.jar:/Users/leonidfelikson/.m2/repository/org/apache/logging/log4j/log4j-api/2.23.1/log4j-api-2.23.1.jar:/Users/leonidfelikson/.m2/repository/org/slf4j/jul-to-slf4j/2.0.16/jul-to-slf4j-2.0.16.jar:/Users/leonidfelikson/.m2/repository/jakarta/annotation/jakarta.annotation-api/2.1.1/jakarta.annotation-api-2.1.1.jar:/Users/leonidfelikson/.m2/repository/org/yaml/snakeyaml/2.2/snakeyaml-2.2.jar:/Users/leonidfelikson/.m2/repository/org/mongodb/mongodb-driver-sync/5.0.1/mongodb-driver-sync-5.0.1.jar:/Users/leonidfelikson/.m2/repository/org/mongodb/bson/5.0.1/bson-5.0.1.jar:/Users/leonidfelikson/.m2/repository/org/mongodb/mongodb-driver-core/5.0.1/mongodb-driver-core-5.0.1.jar:/Users/leonidfelikson/.m2/repository/org/mongodb/bson-record-codec/5.0.1/bson-record-codec-5.0.1.jar:/Users/leonidfelikson/.m2/repository/org/springframework/data/spring-data-mongodb/4.3.3/spring-data-mongodb-4.3.3.jar:/Users/leonidfelikson/.m2/repository/org/springframework/spring-tx/6.1.12/spring-tx-6.1.12.jar:/Users/leonidfelikson/.m2/repository/org/springframework/spring-context/6.1.12/spring-context-6.1.12.jar:/Users/leonidfelikson/.m2/repository/org/springframework/spring-beans/6.1.12/spring-beans-6.1.12.jar:/Users/leonidfelikson/.m2/repository/org/springframework/spring-expression/6.1.12/spring-expression-6.1.12.jar:/Users/leonidfelikson/.m2/repository/org/springframework/data/spring-data-commons/3.3.3/spring-data-commons-3.3.3.jar:/Users/leonidfelikson/.m2/repository/org/slf4j/slf4j-api/2.0.16/slf4j-api-2.0.16.jar:/Users/leonidfelikson/.m2/repository/org/springframework/boot/spring-boot-starter-web/3.3.3/spring-boot-starter-web-3.3.3.jar:/Users/leonidfelikson/.m2/repository/org/springframework/boot/spring-boot-starter-json/3.3.3/spring-boot-starter-json-3.3.3.jar:/Users/leonidfelikson/.m2/repository/com/fasterxml/jackson/core/jackson-databind/2.17.2/jackson-databind-2.17.2.jar:/Users/leonidfelikson/.m2/repository/com/fasterxml/jackson/core/jackson-annotations/2.17.2/jackson-annotations-2.17.2.jar:/Users/leonidfelikson/.m2/repository/com/fasterxml/jackson/core/jackson-core/2.17.2/jackson-core-2.17.2.jar:/Users/leonidfelikson/.m2/repository/com/fasterxml/jackson/datatype/jackson-datatype-jdk8/2.17.2/jackson-datatype-jdk8-2.17.2.jar:/Users/leonidfelikson/.m2/repository/com/fasterxml/jackson/datatype/jackson-datatype-jsr310/2.17.2/jackson-datatype-jsr310-2.17.2.jar:/Users/leonidfelikson/.m2/repository/com/fasterxml/jackson/module/jackson-module-parameter-names/2.17.2/jackson-module-parameter-names-2.17.2.jar:/Users/leonidfelikson/.m2/repository/org/springframework/boot/spring-boot-starter-tomcat/3.3.3/spring-boot-starter-tomcat-3.3.3.jar:/Users/leonidfelikson/.m2/repository/org/apache/tomcat/embed/tomcat-embed-core/10.1.28/tomcat-embed-core-10.1.28.jar:/Users/leonidfelikson/.m2/repository/org/apache/tomcat/embed/tomcat-embed-el/10.1.28/tomcat-embed-el-10.1.28.jar:/Users/leonidfelikson/.m2/repository/org/apache/tomcat/embed/tomcat-embed-websocket/10.1.28/tomcat-embed-websocket-10.1.28.jar:/Users/leonidfelikson/.m2/repository/org/springframework/spring-web/6.1.12/spring-web-6.1.12.jar:/Users/leonidfelikson/.m2/repository/io/micrometer/micrometer-observation/1.13.3/micrometer-observation-1.13.3.jar:/Users/leonidfelikson/.m2/repository/io/micrometer/micrometer-commons/1.13.3/micrometer-commons-1.13.3.jar:/Users/leonidfelikson/.m2/repository/org/springframework/spring-webmvc/6.1.12/spring-webmvc-6.1.12.jar:/Users/leonidfelikson/.m2/repository/org/springframework/spring-aop/6.1.12/spring-aop-6.1.12.jar:/Users/leonidfelikson/.m2/repository/org/springframework/boot/spring-boot-configuration-processor/3.3.3/spring-boot-configuration-processor-3.3.3.jar:/Users/leonidfelikson/.m2/repository/org/projectlombok/lombok/1.18.34/lombok-1.18.34.jar:/Users/leonidfelikson/.m2/repository/org/springframework/boot/spring-boot-starter-test/3.3.3/spring-boot-starter-test-3.3.3.jar:/Users/leonidfelikson/.m2/repository/org/springframework/boot/spring-boot-test/3.3.3/spring-boot-test-3.3.3.jar:/Users/leonidfelikson/.m2/repository/org/springframework/boot/spring-boot-test-autoconfigure/3.3.3/spring-boot-test-autoconfigure-3.3.3.jar:/Users/leonidfelikson/.m2/repository/com/jayway/jsonpath/json-path/2.9.0/json-path-2.9.0.jar:/Users/leonidfelikson/.m2/repository/jakarta/xml/bind/jakarta.xml.bind-api/4.0.2/jakarta.xml.bind-api-4.0.2.jar:/Users/leonidfelikson/.m2/repository/jakarta/activation/jakarta.activation-api/2.1.3/jakarta.activation-api-2.1.3.jar:/Users/leonidfelikson/.m2/repository/net/minidev/json-smart/2.5.1/json-smart-2.5.1.jar:/Users/leonidfelikson/.m2/repository/net/minidev/accessors-smart/2.5.1/accessors-smart-2.5.1.jar:/Users/leonidfelikson/.m2/repository/org/ow2/asm/asm/9.6/asm-9.6.jar:/Users/leonidfelikson/.m2/repository/org/assertj/assertj-core/3.25.3/assertj-core-3.25.3.jar:/Users/leonidfelikson/.m2/repository/net/bytebuddy/byte-buddy/1.14.19/byte-buddy-1.14.19.jar:/Users/leonidfelikson/.m2/repository/org/awaitility/awaitility/4.2.2/awaitility-4.2.2.jar:/Users/leonidfelikson/.m2/repository/org/hamcrest/hamcrest/2.2/hamcrest-2.2.jar:/Users/leonidfelikson/.m2/repository/org/junit/jupiter/junit-jupiter/5.10.3/junit-jupiter-5.10.3.jar:/Users/leonidfelikson/.m2/repository/org/junit/jupiter/junit-jupiter-api/5.10.3/junit-jupiter-api-5.10.3.jar:/Users/leonidfelikson/.m2/repository/org/opentest4j/opentest4j/1.3.0/opentest4j-1.3.0.jar:/Users/leonidfelikson/.m2/repository/org/junit/platform/junit-platform-commons/1.10.3/junit-platform-commons-1.10.3.jar:/Users/leonidfelikson/.m2/repository/org/apiguardian/apiguardian-api/1.1.2/apiguardian-api-1.1.2.jar:/Users/leonidfelikson/.m2/repository/org/junit/jupiter/junit-jupiter-params/5.10.3/junit-jupiter-params-5.10.3.jar:/Users/leonidfelikson/.m2/repository/org/junit/jupiter/junit-jupiter-engine/5.10.3/junit-jupiter-engine-5.10.3.jar:/Users/leonidfelikson/.m2/repository/org/junit/platform/junit-platform-engine/1.10.3/junit-platform-engine-1.10.3.jar:/Users/leonidfelikson/.m2/repository/org/mockito/mockito-core/5.11.0/mockito-core-5.11.0.jar:/Users/leonidfelikson/.m2/repository/net/bytebuddy/byte-buddy-agent/1.14.19/byte-buddy-agent-1.14.19.jar:/Users/leonidfelikson/.m2/repository/org/objenesis/objenesis/3.3/objenesis-3.3.jar:/Users/leonidfelikson/.m2/repository/org/mockito/mockito-junit-jupiter/5.11.0/mockito-junit-jupiter-5.11.0.jar:/Users/leonidfelikson/.m2/repository/org/skyscreamer/jsonassert/1.5.3/jsonassert-1.5.3.jar:/Users/leonidfelikson/.m2/repository/com/vaadin/external/google/android-json/0.0.20131108.vaadin1/android-json-0.0.20131108.vaadin1.jar:/Users/leonidfelikson/.m2/repository/org/springframework/spring-core/6.1.12/spring-core-6.1.12.jar:/Users/leonidfelikson/.m2/repository/org/springframework/spring-jcl/6.1.12/spring-jcl-6.1.12.jar:/Users/leonidfelikson/.m2/repository/org/springframework/spring-test/6.1.12/spring-test-6.1.12.jar:/Users/leonidfelikson/.m2/repository/org/xmlunit/xmlunit-core/2.9.1/xmlunit-core-2.9.1.jar:"/>
    <property name="sun.cpu.endian" value="little"/>
    <property name="user.home" value="/Users/leonidfelikson"/>
    <property name="user.language" value="en"/>
    <property name="java.specification.vendor" value="Oracle Corporation"/>
    <property name="java.version.date" value="2022-01-18"/>
    <property name="java.home" value="/Library/Java/JavaVirtualMachines/jdk-17.0.2.jdk/Contents/Home"/>
    <property name="file.separator" value="/"/>
    <property name="basedir" value="/Users/leonidfelikson/605784_development/784-SpringBoot-Enterprise-Computing-with-Java/assignments/Module8/my-spring-mongodb-MongoRepository-demo"/>
    <property name="java.vm.compressedOopsMode" value="Zero based"/>
    <property name="line.separator" value="&#10;"/>
    <property name="java.vm.specification.vendor" value="Oracle Corporation"/>
    <property name="java.specification.name" value="Java Platform API Specification"/>
    <property name="FILE_LOG_CHARSET" value="UTF-8"/>
    <property name="java.awt.headless" value="true"/>
    <property name="surefire.real.class.path" value="/Users/leonidfelikson/605784_development/784-SpringBoot-Enterprise-Computing-with-Java/assignments/Module8/my-spring-mongodb-MongoRepository-demo/target/surefire/surefirebooter-20241217101236987_3.jar"/>
    <property name="sun.management.compiler" value="HotSpot 64-Bit Tiered Compilers"/>
    <property name="ftp.nonProxyHosts" value="local|*.local| 169.254/16|*. 169.254/16"/>
    <property name="java.runtime.version" value="17.0.2+8-86"/>
    <property name="user.name" value="leonidfelikson"/>
    <property name="path.separator" value=":"/>
    <property name="os.version" value="13.0"/>
    <property name="java.runtime.name" value="OpenJDK Runtime Environment"/>
    <property name="file.encoding" value="UTF-8"/>
    <property name="java.vm.name" value="OpenJDK 64-Bit Server VM"/>
    <property name="localRepository" value="/Users/leonidfelikson/.m2/repository"/>
    <property name="java.vendor.url.bug" value="https://bugreport.java.com/bugreport/"/>
    <property name="java.io.tmpdir" value="/var/folders/rv/0k8w2rv94njcztwb3m46jb6h0000gn/T/"/>
    <property name="java.version" value="17.0.2"/>
    <property name="user.dir" value="/Users/leonidfelikson/605784_development/784-SpringBoot-Enterprise-Computing-with-Java/assignments/Module8/my-spring-mongodb-MongoRepository-demo"/>
    <property name="os.arch" value="x86_64"/>
    <property name="java.vm.specification.name" value="Java Virtual Machine Specification"/>
    <property name="PID" value="8973"/>
    <property name="CONSOLE_LOG_CHARSET" value="UTF-8"/>
    <property name="native.encoding" value="UTF-8"/>
    <property name="java.library.path" value="/Users/leonidfelikson/Library/Java/Extensions:/Library/Java/Extensions:/Network/Library/Java/Extensions:/System/Library/Java/Extensions:/usr/lib/java:."/>
    <property name="java.vm.info" value="mixed mode, sharing"/>
    <property name="java.vendor" value="Oracle Corporation"/>
    <property name="java.vm.version" value="17.0.2+8-86"/>
    <property name="sun.io.unicode.encoding" value="UnicodeBig"/>
    <property name="socksNonProxyHosts" value="local|*.local| 169.254/16|*. 169.254/16"/>
    <property name="java.class.version" value="61.0"/>
    <property name="LOGGED_APPLICATION_NAME" value="[my-spring-mongodb-demo] "/>
  </properties>
  <testcase name="contextLoads" classname="com.mycompany.demo.MySpringMongodbDemoApplicationTests" time="0.771">
    <system-out><![CDATA[10:12:37.978 [main] INFO org.springframework.test.context.support.AnnotationConfigContextLoaderUtils -- Could not detect default configuration classes for test class [com.mycompany.demo.MySpringMongodbDemoApplicationTests]: MySpringMongodbDemoApplicationTests does not declare any static, non-private, non-final, nested classes annotated with @Configuration.
10:12:38.121 [main] INFO org.springframework.boot.test.context.SpringBootTestContextBootstrapper -- Found @SpringBootConfiguration com.mycompany.demo.MySpringMongodbDemoApplication for test class com.mycompany.demo.MySpringMongodbDemoApplicationTests

  .   ____          _            __ _ _
 /\\ / ___'_ __ _ _(_)_ __  __ _ \ \ \ \
( ( )\___ | '_ | '_| | '_ \/ _` | \ \ \ \
 \\/  ___)| |_)| | | | | || (_| |  ) ) ) )
  '  |____| .__|_| |_|_| |_\__, | / / / /
 =========|_|==============|___/=/_/_/_/

 :: Spring Boot ::                (v3.3.3)

2024-12-17T10:12:38.624-05:00  INFO 8973 --- [my-spring-mongodb-demo] [           main] .m.d.MySpringMongodbDemoApplicationTests : Starting MySpringMongodbDemoApplicationTests using Java 17.0.2 with PID 8973 (started by leonidfelikson in /Users/leonidfelikson/605784_development/784-SpringBoot-Enterprise-Computing-with-Java/assignments/Module8/my-spring-mongodb-MongoRepository-demo)
2024-12-17T10:12:38.625-05:00  INFO 8973 --- [my-spring-mongodb-demo] [           main] .m.d.MySpringMongodbDemoApplicationTests : No active profile set, falling back to 1 default profile: "default"
2024-12-17T10:12:39.597-05:00  INFO 8973 --- [my-spring-mongodb-demo] [           main] .s.d.r.c.RepositoryConfigurationDelegate : Bootstrapping Spring Data MongoDB repositories in DEFAULT mode.
2024-12-17T10:12:39.665-05:00  INFO 8973 --- [my-spring-mongodb-demo] [           main] .s.d.r.c.RepositoryConfigurationDelegate : Finished Spring Data repository scanning in 65 ms. Found 2 MongoDB repository interfaces.
2024-12-17T10:12:40.359-05:00  INFO 8973 --- [my-spring-mongodb-demo] [           main] org.mongodb.driver.client                : MongoClient with metadata {"driver": {"name": "mongo-java-driver|sync|spring-boot", "version": "5.0.1"}, "os": {"type": "Darwin", "name": "Mac OS X", "architecture": "x86_64", "version": "13.0"}, "platform": "Java/Oracle Corporation/17.0.2+8-86"} created with settings MongoClientSettings{readPreference=primary, writeConcern=WriteConcern{w=null, wTimeout=null ms, journal=null}, retryWrites=true, retryReads=true, readConcern=ReadConcern{level=null}, credential=null, transportSettings=null, commandListeners=[], codecRegistry=ProvidersCodecRegistry{codecProviders=[ValueCodecProvider{}, BsonValueCodecProvider{}, DBRefCodecProvider{}, DBObjectCodecProvider{}, DocumentCodecProvider{}, CollectionCodecProvider{}, IterableCodecProvider{}, MapCodecProvider{}, GeoJsonCodecProvider{}, GridFSFileCodecProvider{}, Jsr310CodecProvider{}, JsonObjectCodecProvider{}, BsonCodecProvider{}, EnumCodecProvider{}, com.mongodb.client.model.mql.ExpressionCodecProvider@3a90c13c, com.mongodb.Jep395RecordCodecProvider@39c96e48, com.mongodb.KotlinCodecProvider@188598ad]}, loggerSettings=LoggerSettings{maxDocumentLength=1000}, clusterSettings={hosts=[localhost:27017], srvServiceName=mongodb, mode=SINGLE, requiredClusterType=UNKNOWN, requiredReplicaSetName='null', serverSelector='null', clusterListeners='[]', serverSelectionTimeout='30000 ms', localThreshold='15 ms'}, socketSettings=SocketSettings{connectTimeoutMS=10000, readTimeoutMS=0, receiveBufferSize=0, proxySettings=ProxySettings{host=null, port=null, username=null, password=null}}, heartbeatSocketSettings=SocketSettings{connectTimeoutMS=10000, readTimeoutMS=10000, receiveBufferSize=0, proxySettings=ProxySettings{host=null, port=null, username=null, password=null}}, connectionPoolSettings=ConnectionPoolSettings{maxSize=100, minSize=0, maxWaitTimeMS=120000, maxConnectionLifeTimeMS=0, maxConnectionIdleTimeMS=0, maintenanceInitialDelayMS=0, maintenanceFrequencyMS=60000, connectionPoolListeners=[], maxConnecting=2}, serverSettings=ServerSettings{heartbeatFrequencyMS=10000, minHeartbeatFrequencyMS=500, serverListeners='[]', serverMonitorListeners='[]'}, sslSettings=SslSettings{enabled=false, invalidHostNameAllowed=false, context=null}, applicationName='null', compressorList=[], uuidRepresentation=JAVA_LEGACY, serverApi=null, autoEncryptionSettings=null, dnsClient=null, inetAddressResolver=null, contextProvider=null}
2024-12-17T10:12:40.394-05:00  INFO 8973 --- [my-spring-mongodb-demo] [localhost:27017] org.mongodb.driver.cluster               : Monitor thread successfully connected to server with description ServerDescription{address=localhost:27017, type=STANDALONE, state=CONNECTED, ok=true, minWireVersion=0, maxWireVersion=21, maxDocumentSize=16777216, logicalSessionTimeoutMinutes=30, roundTripTimeNanos=21748333}
2024-12-17T10:12:41.578-05:00  INFO 8973 --- [my-spring-mongodb-demo] [           main] .m.d.MySpringMongodbDemoApplicationTests : Started MySpringMongodbDemoApplicationTests in 3.299 seconds (process running for 4.514)
]]></system-out>
  </testcase>
</testsuite>